<html>
<head>
<title>TestNG:  Default test</title>
<link href="../testng.css" rel="stylesheet" type="text/css" />
<link href="../my-testng.css" rel="stylesheet" type="text/css" />

<style type="text/css">
.log { display: none;} 
.stack-trace { display: none;} 
</style>
<script type="text/javascript">
<!--
function flip(e) {
  current = e.style.display;
  if (current == 'block') {
    e.style.display = 'none';
    return 0;
  }
  else {
    e.style.display = 'block';
    return 1;
  }
}

function toggleBox(szDivId, elem, msg1, msg2)
{
  var res = -1;  if (document.getElementById) {
    res = flip(document.getElementById(szDivId));
  }
  else if (document.all) {
    // this is the way old msie versions work
    res = flip(document.all[szDivId]);
  }
  if(elem) {
    if(res == 0) elem.innerHTML = msg1; else elem.innerHTML = msg2;
  }

}

function toggleAllBoxes() {
  if (document.getElementsByTagName) {
    d = document.getElementsByTagName('div');
    for (i = 0; i < d.length; i++) {
      if (d[i].className == 'log') {
        flip(d[i]);
      }
    }
  }
}

// -->
</script>

</head>
<body>
<h2 align='center'>Default test</h2><table border='1' align="center">
<tr>
<td>Tests passed/Failed/Skipped:</td><td>12/9/0</td>
</tr><tr>
<td>Started on:</td><td>Mon Aug 25 22:04:57 EDT 2025</td>
</tr>
<tr><td>Total time:</td><td>67 seconds (67671 ms)</td>
</tr><tr>
<td>Included groups:</td><td></td>
</tr><tr>
<td>Excluded groups:</td><td></td>
</tr>
</table><p/>
<small><i>(Hover the method name to see the test class name)</i></small><p/>
<table width='100%' border='1' class='invocation-failed'>
<tr><td colspan='4' align='center'><b>FAILED TESTS</b></td></tr>
<tr><td><b>Test method</b></td>
<td><b>Attribute(s)</b></td>
<td width="30%"><b>Exception</b></td>
<td width="10%"><b>Time (seconds)</b></td>
<td><b>Instance</b></td>
</tr>
<tr>
<td title='runner.TestRunner.runScenario()'><b>runScenario</b><br>Test class: runner.TestRunner<br>Test method: Runs Cucumber Scenarios<br>Parameters: "Field level validation for username and password in registration page", "Registration page validation"</td>
<td><div><pre>java.lang.AssertionError: Alert message is incorrect expected [Invalid Username] but found [password_mismatch:The two password fields didn’t match.]
	at org.testng.Assert.fail(Assert.java:111)
	at org.testng.Assert.failNotEquals(Assert.java:1590)
	at org.testng.Assert.assertEqualsImpl(Assert.java:150)
	at org.testng.Assert.assertEquals(Assert.java:132)
	at org.testng.Assert.assertEquals(Assert.java:656)
	at stepDefinitions.RegisterPageSteps.user_should_receive_message_for_respective_field(RegisterPageSteps.java:53)
	at ✽.User should receive &quot;Invalid Username&quot; message for respective field(file:///C:/Users/Lingesh%20Raja/git/Ds_AlGO_BDD/src/test/resources/features/registerPage.feature:22)
</pre></div><a href='#' onClick='toggleBox("stack-trace1062254208", this, "Click to show all stack frames", "Click to hide stack frames")'>Click to show all stack frames</a>
<div class='stack-trace' id='stack-trace1062254208'><pre>java.lang.AssertionError: Alert message is incorrect expected [Invalid Username] but found [password_mismatch:The two password fields didn’t match.]
	at org.testng.Assert.fail(Assert.java:111)
	at org.testng.Assert.failNotEquals(Assert.java:1590)
	at org.testng.Assert.assertEqualsImpl(Assert.java:150)
	at org.testng.Assert.assertEquals(Assert.java:132)
	at org.testng.Assert.assertEquals(Assert.java:656)
	at stepDefinitions.RegisterPageSteps.user_should_receive_message_for_respective_field(RegisterPageSteps.java:53)
	at ✽.User should receive &quot;Invalid Username&quot; message for respective field(file:///C:/Users/Lingesh%20Raja/git/Ds_AlGO_BDD/src/test/resources/features/registerPage.feature:22)
</pre></div></td>
<td>3</td>
<td>runner.TestRunner@5c90e579</td></tr>
<tr>
<td title='runner.TestRunner.runScenario()'><b>runScenario</b><br>Test class: runner.TestRunner<br>Test method: Runs Cucumber Scenarios<br>Parameters: "Verify that user receives hovertext message for all empty fields during registration", "Registration page validation"</td>
<td><div><pre>java.lang.AssertionError: Hover Text mismatch expected [Please fill out this field.] but found [Please fill in this field.]
	at org.testng.Assert.fail(Assert.java:111)
	at org.testng.Assert.failNotEquals(Assert.java:1590)
	at org.testng.Assert.assertEqualsImpl(Assert.java:150)
	at org.testng.Assert.assertEquals(Assert.java:132)
	at org.testng.Assert.assertEquals(Assert.java:656)
	at stepDefinitions.RegisterPageSteps.hover_text_message_as_should_be_displayed_for_respective_textbox(RegisterPageSteps.java:47)
	at ✽.Hover text message as &quot;Please fill out this field.&quot; should be displayed for respective &quot;PasswordConfirmation&quot; textbox(file:///C:/Users/Lingesh%20Raja/git/Ds_AlGO_BDD/src/test/resources/features/registerPage.feature:11)
</pre></div><a href='#' onClick='toggleBox("stack-trace2130400175", this, "Click to show all stack frames", "Click to hide stack frames")'>Click to show all stack frames</a>
<div class='stack-trace' id='stack-trace2130400175'><pre>java.lang.AssertionError: Hover Text mismatch expected [Please fill out this field.] but found [Please fill in this field.]
	at org.testng.Assert.fail(Assert.java:111)
	at org.testng.Assert.failNotEquals(Assert.java:1590)
	at org.testng.Assert.assertEqualsImpl(Assert.java:150)
	at org.testng.Assert.assertEquals(Assert.java:132)
	at org.testng.Assert.assertEquals(Assert.java:656)
	at stepDefinitions.RegisterPageSteps.hover_text_message_as_should_be_displayed_for_respective_textbox(RegisterPageSteps.java:47)
	at ✽.Hover text message as &quot;Please fill out this field.&quot; should be displayed for respective &quot;PasswordConfirmation&quot; textbox(file:///C:/Users/Lingesh%20Raja/git/Ds_AlGO_BDD/src/test/resources/features/registerPage.feature:11)
</pre></div></td>
<td>2</td>
<td>runner.TestRunner@5c90e579</td></tr>
<tr>
<td title='runner.TestRunner.runScenario()'><b>runScenario</b><br>Test class: runner.TestRunner<br>Test method: Runs Cucumber Scenarios<br>Parameters: "Field level validation for username and password in registration page", "Registration page validation"</td>
<td><div><pre>java.lang.AssertionError: Alert message is incorrect expected [Invalid Username] but found [password_mismatch:The two password fields didn’t match.]
	at org.testng.Assert.fail(Assert.java:111)
	at org.testng.Assert.failNotEquals(Assert.java:1590)
	at org.testng.Assert.assertEqualsImpl(Assert.java:150)
	at org.testng.Assert.assertEquals(Assert.java:132)
	at org.testng.Assert.assertEquals(Assert.java:656)
	at stepDefinitions.RegisterPageSteps.user_should_receive_message_for_respective_field(RegisterPageSteps.java:53)
	at ✽.User should receive &quot;Invalid Username&quot; message for respective field(file:///C:/Users/Lingesh%20Raja/git/Ds_AlGO_BDD/src/test/resources/features/registerPage.feature:22)
</pre></div><a href='#' onClick='toggleBox("stack-trace1372124716", this, "Click to show all stack frames", "Click to hide stack frames")'>Click to show all stack frames</a>
<div class='stack-trace' id='stack-trace1372124716'><pre>java.lang.AssertionError: Alert message is incorrect expected [Invalid Username] but found [password_mismatch:The two password fields didn’t match.]
	at org.testng.Assert.fail(Assert.java:111)
	at org.testng.Assert.failNotEquals(Assert.java:1590)
	at org.testng.Assert.assertEqualsImpl(Assert.java:150)
	at org.testng.Assert.assertEquals(Assert.java:132)
	at org.testng.Assert.assertEquals(Assert.java:656)
	at stepDefinitions.RegisterPageSteps.user_should_receive_message_for_respective_field(RegisterPageSteps.java:53)
	at ✽.User should receive &quot;Invalid Username&quot; message for respective field(file:///C:/Users/Lingesh%20Raja/git/Ds_AlGO_BDD/src/test/resources/features/registerPage.feature:22)
</pre></div></td>
<td>3</td>
<td>runner.TestRunner@5c90e579</td></tr>
<tr>
<td title='runner.TestRunner.runScenario()'><b>runScenario</b><br>Test class: runner.TestRunner<br>Test method: Runs Cucumber Scenarios<br>Parameters: "Verify that user is able to land on Homepage after registration with valid fields", "Registration page validation"</td>
<td><div><pre>java.lang.AssertionError: User is not redirected to Home page expected [NumpyNinja] but found [Registration]
	at org.testng.Assert.fail(Assert.java:111)
	at org.testng.Assert.failNotEquals(Assert.java:1590)
	at org.testng.Assert.assertEqualsImpl(Assert.java:150)
	at org.testng.Assert.assertEquals(Assert.java:132)
	at org.testng.Assert.assertEquals(Assert.java:656)
	at stepDefinitions.RegisterPageSteps.the_user_should_be_redirected_to_home_page_of_ds_algo(RegisterPageSteps.java:132)
	at ✽.The user should be redirected to Home Page of DS Algo(file:///C:/Users/Lingesh%20Raja/git/Ds_AlGO_BDD/src/test/resources/features/registerPage.feature:82)
</pre></div><a href='#' onClick='toggleBox("stack-trace935886796", this, "Click to show all stack frames", "Click to hide stack frames")'>Click to show all stack frames</a>
<div class='stack-trace' id='stack-trace935886796'><pre>java.lang.AssertionError: User is not redirected to Home page expected [NumpyNinja] but found [Registration]
	at org.testng.Assert.fail(Assert.java:111)
	at org.testng.Assert.failNotEquals(Assert.java:1590)
	at org.testng.Assert.assertEqualsImpl(Assert.java:150)
	at org.testng.Assert.assertEquals(Assert.java:132)
	at org.testng.Assert.assertEquals(Assert.java:656)
	at stepDefinitions.RegisterPageSteps.the_user_should_be_redirected_to_home_page_of_ds_algo(RegisterPageSteps.java:132)
	at ✽.The user should be redirected to Home Page of DS Algo(file:///C:/Users/Lingesh%20Raja/git/Ds_AlGO_BDD/src/test/resources/features/registerPage.feature:82)
</pre></div></td>
<td>2</td>
<td>runner.TestRunner@5c90e579</td></tr>
<tr>
<td title='runner.TestRunner.runScenario()'><b>runScenario</b><br>Test class: runner.TestRunner<br>Test method: Runs Cucumber Scenarios<br>Parameters: "Verify that user receives hovertext message for all empty fields during registration", "Registration page validation"</td>
<td><div><pre>java.lang.AssertionError: Hover Text mismatch expected [Please fill out this field.] but found [Please fill in this field.]
	at org.testng.Assert.fail(Assert.java:111)
	at org.testng.Assert.failNotEquals(Assert.java:1590)
	at org.testng.Assert.assertEqualsImpl(Assert.java:150)
	at org.testng.Assert.assertEquals(Assert.java:132)
	at org.testng.Assert.assertEquals(Assert.java:656)
	at stepDefinitions.RegisterPageSteps.hover_text_message_as_should_be_displayed_for_respective_textbox(RegisterPageSteps.java:47)
	at ✽.Hover text message as &quot;Please fill out this field.&quot; should be displayed for respective &quot;Username&quot; textbox(file:///C:/Users/Lingesh%20Raja/git/Ds_AlGO_BDD/src/test/resources/features/registerPage.feature:11)
</pre></div><a href='#' onClick='toggleBox("stack-trace499609505", this, "Click to show all stack frames", "Click to hide stack frames")'>Click to show all stack frames</a>
<div class='stack-trace' id='stack-trace499609505'><pre>java.lang.AssertionError: Hover Text mismatch expected [Please fill out this field.] but found [Please fill in this field.]
	at org.testng.Assert.fail(Assert.java:111)
	at org.testng.Assert.failNotEquals(Assert.java:1590)
	at org.testng.Assert.assertEqualsImpl(Assert.java:150)
	at org.testng.Assert.assertEquals(Assert.java:132)
	at org.testng.Assert.assertEquals(Assert.java:656)
	at stepDefinitions.RegisterPageSteps.hover_text_message_as_should_be_displayed_for_respective_textbox(RegisterPageSteps.java:47)
	at ✽.Hover text message as &quot;Please fill out this field.&quot; should be displayed for respective &quot;Username&quot; textbox(file:///C:/Users/Lingesh%20Raja/git/Ds_AlGO_BDD/src/test/resources/features/registerPage.feature:11)
</pre></div></td>
<td>3</td>
<td>runner.TestRunner@5c90e579</td></tr>
<tr>
<td title='runner.TestRunner.runScenario()'><b>runScenario</b><br>Test class: runner.TestRunner<br>Test method: Runs Cucumber Scenarios<br>Parameters: "Field level validation for username and password in registration page", "Registration page validation"</td>
<td><div><pre>java.lang.AssertionError: Alert message is incorrect expected [Invalid password] but found [password_mismatch:The two password fields didn’t match.]
	at org.testng.Assert.fail(Assert.java:111)
	at org.testng.Assert.failNotEquals(Assert.java:1590)
	at org.testng.Assert.assertEqualsImpl(Assert.java:150)
	at org.testng.Assert.assertEquals(Assert.java:132)
	at org.testng.Assert.assertEquals(Assert.java:656)
	at stepDefinitions.RegisterPageSteps.user_should_receive_message_for_respective_field(RegisterPageSteps.java:53)
	at ✽.User should receive &quot;Invalid password&quot; message for respective field(file:///C:/Users/Lingesh%20Raja/git/Ds_AlGO_BDD/src/test/resources/features/registerPage.feature:22)
</pre></div><a href='#' onClick='toggleBox("stack-trace1916269505", this, "Click to show all stack frames", "Click to hide stack frames")'>Click to show all stack frames</a>
<div class='stack-trace' id='stack-trace1916269505'><pre>java.lang.AssertionError: Alert message is incorrect expected [Invalid password] but found [password_mismatch:The two password fields didn’t match.]
	at org.testng.Assert.fail(Assert.java:111)
	at org.testng.Assert.failNotEquals(Assert.java:1590)
	at org.testng.Assert.assertEqualsImpl(Assert.java:150)
	at org.testng.Assert.assertEquals(Assert.java:132)
	at org.testng.Assert.assertEquals(Assert.java:656)
	at stepDefinitions.RegisterPageSteps.user_should_receive_message_for_respective_field(RegisterPageSteps.java:53)
	at ✽.User should receive &quot;Invalid password&quot; message for respective field(file:///C:/Users/Lingesh%20Raja/git/Ds_AlGO_BDD/src/test/resources/features/registerPage.feature:22)
</pre></div></td>
<td>3</td>
<td>runner.TestRunner@5c90e579</td></tr>
<tr>
<td title='runner.TestRunner.runScenario()'><b>runScenario</b><br>Test class: runner.TestRunner<br>Test method: Runs Cucumber Scenarios<br>Parameters: "Field level validation for username and password in registration page", "Registration page validation"</td>
<td><div><pre>java.lang.AssertionError: Alert message is incorrect expected [Invalid password] but found [password_mismatch:The two password fields didn’t match.]
	at org.testng.Assert.fail(Assert.java:111)
	at org.testng.Assert.failNotEquals(Assert.java:1590)
	at org.testng.Assert.assertEqualsImpl(Assert.java:150)
	at org.testng.Assert.assertEquals(Assert.java:132)
	at org.testng.Assert.assertEquals(Assert.java:656)
	at stepDefinitions.RegisterPageSteps.user_should_receive_message_for_respective_field(RegisterPageSteps.java:53)
	at ✽.User should receive &quot;Invalid password&quot; message for respective field(file:///C:/Users/Lingesh%20Raja/git/Ds_AlGO_BDD/src/test/resources/features/registerPage.feature:22)
</pre></div><a href='#' onClick='toggleBox("stack-trace1196550329", this, "Click to show all stack frames", "Click to hide stack frames")'>Click to show all stack frames</a>
<div class='stack-trace' id='stack-trace1196550329'><pre>java.lang.AssertionError: Alert message is incorrect expected [Invalid password] but found [password_mismatch:The two password fields didn’t match.]
	at org.testng.Assert.fail(Assert.java:111)
	at org.testng.Assert.failNotEquals(Assert.java:1590)
	at org.testng.Assert.assertEqualsImpl(Assert.java:150)
	at org.testng.Assert.assertEquals(Assert.java:132)
	at org.testng.Assert.assertEquals(Assert.java:656)
	at stepDefinitions.RegisterPageSteps.user_should_receive_message_for_respective_field(RegisterPageSteps.java:53)
	at ✽.User should receive &quot;Invalid password&quot; message for respective field(file:///C:/Users/Lingesh%20Raja/git/Ds_AlGO_BDD/src/test/resources/features/registerPage.feature:22)
</pre></div></td>
<td>3</td>
<td>runner.TestRunner@5c90e579</td></tr>
<tr>
<td title='runner.TestRunner.runScenario()'><b>runScenario</b><br>Test class: runner.TestRunner<br>Test method: Runs Cucumber Scenarios<br>Parameters: "Verify that user receives hovertext message for all empty fields during registration", "Registration page validation"</td>
<td><div><pre>java.lang.AssertionError: Hover Text mismatch expected [Please fill out this field.] but found [Please fill in this field.]
	at org.testng.Assert.fail(Assert.java:111)
	at org.testng.Assert.failNotEquals(Assert.java:1590)
	at org.testng.Assert.assertEqualsImpl(Assert.java:150)
	at org.testng.Assert.assertEquals(Assert.java:132)
	at org.testng.Assert.assertEquals(Assert.java:656)
	at stepDefinitions.RegisterPageSteps.hover_text_message_as_should_be_displayed_for_respective_textbox(RegisterPageSteps.java:47)
	at ✽.Hover text message as &quot;Please fill out this field.&quot; should be displayed for respective &quot;Password&quot; textbox(file:///C:/Users/Lingesh%20Raja/git/Ds_AlGO_BDD/src/test/resources/features/registerPage.feature:11)
</pre></div><a href='#' onClick='toggleBox("stack-trace2125346660", this, "Click to show all stack frames", "Click to hide stack frames")'>Click to show all stack frames</a>
<div class='stack-trace' id='stack-trace2125346660'><pre>java.lang.AssertionError: Hover Text mismatch expected [Please fill out this field.] but found [Please fill in this field.]
	at org.testng.Assert.fail(Assert.java:111)
	at org.testng.Assert.failNotEquals(Assert.java:1590)
	at org.testng.Assert.assertEqualsImpl(Assert.java:150)
	at org.testng.Assert.assertEquals(Assert.java:132)
	at org.testng.Assert.assertEquals(Assert.java:656)
	at stepDefinitions.RegisterPageSteps.hover_text_message_as_should_be_displayed_for_respective_textbox(RegisterPageSteps.java:47)
	at ✽.Hover text message as &quot;Please fill out this field.&quot; should be displayed for respective &quot;Password&quot; textbox(file:///C:/Users/Lingesh%20Raja/git/Ds_AlGO_BDD/src/test/resources/features/registerPage.feature:11)
</pre></div></td>
<td>3</td>
<td>runner.TestRunner@5c90e579</td></tr>
<tr>
<td title='runner.TestRunner.runScenario()'><b>runScenario</b><br>Test class: runner.TestRunner<br>Test method: Runs Cucumber Scenarios<br>Parameters: "Field level validation for username and password in registration page", "Registration page validation"</td>
<td><div><pre>java.lang.AssertionError: Alert message is incorrect expected [Invalid password] but found [password_mismatch:The two password fields didn’t match.]
	at org.testng.Assert.fail(Assert.java:111)
	at org.testng.Assert.failNotEquals(Assert.java:1590)
	at org.testng.Assert.assertEqualsImpl(Assert.java:150)
	at org.testng.Assert.assertEquals(Assert.java:132)
	at org.testng.Assert.assertEquals(Assert.java:656)
	at stepDefinitions.RegisterPageSteps.user_should_receive_message_for_respective_field(RegisterPageSteps.java:53)
	at ✽.User should receive &quot;Invalid password&quot; message for respective field(file:///C:/Users/Lingesh%20Raja/git/Ds_AlGO_BDD/src/test/resources/features/registerPage.feature:22)
</pre></div><a href='#' onClick='toggleBox("stack-trace2077845538", this, "Click to show all stack frames", "Click to hide stack frames")'>Click to show all stack frames</a>
<div class='stack-trace' id='stack-trace2077845538'><pre>java.lang.AssertionError: Alert message is incorrect expected [Invalid password] but found [password_mismatch:The two password fields didn’t match.]
	at org.testng.Assert.fail(Assert.java:111)
	at org.testng.Assert.failNotEquals(Assert.java:1590)
	at org.testng.Assert.assertEqualsImpl(Assert.java:150)
	at org.testng.Assert.assertEquals(Assert.java:132)
	at org.testng.Assert.assertEquals(Assert.java:656)
	at stepDefinitions.RegisterPageSteps.user_should_receive_message_for_respective_field(RegisterPageSteps.java:53)
	at ✽.User should receive &quot;Invalid password&quot; message for respective field(file:///C:/Users/Lingesh%20Raja/git/Ds_AlGO_BDD/src/test/resources/features/registerPage.feature:22)
</pre></div></td>
<td>3</td>
<td>runner.TestRunner@5c90e579</td></tr>
</table><p>
<table width='100%' border='1' class='invocation-passed'>
<tr><td colspan='4' align='center'><b>PASSED TESTS</b></td></tr>
<tr><td><b>Test method</b></td>
<td><b>Attribute(s)</b></td>
<td width="30%"><b>Exception</b></td>
<td width="10%"><b>Time (seconds)</b></td>
<td><b>Instance</b></td>
</tr>
<tr>
<td title='runner.TestRunner.runScenario()'><b>runScenario</b><br>Test class: runner.TestRunner<br>Test method: Runs Cucumber Scenarios<br>Parameters: "Verify that user is navigated to Home page and able to see warning message while selecting values from the Data Structure drop down", "Registration page validation"</td>
<td></td>
<td>3</td>
<td>runner.TestRunner@5c90e579</td></tr>
<tr>
<td title='runner.TestRunner.runScenario()'><b>runScenario</b><br>Test class: runner.TestRunner<br>Test method: Runs Cucumber Scenarios<br>Parameters: "Verify that page is reloaded on clicking "Register" hyperlink on the top right", "Registration page validation"</td>
<td></td>
<td>2</td>
<td>runner.TestRunner@5c90e579</td></tr>
<tr>
<td title='runner.TestRunner.runScenario()'><b>runScenario</b><br>Test class: runner.TestRunner<br>Test method: Runs Cucumber Scenarios<br>Parameters: "Verify that user is navigated to Home page and able to see warning message while selecting values from the Data Structure drop down", "Registration page validation"</td>
<td></td>
<td>3</td>
<td>runner.TestRunner@5c90e579</td></tr>
<tr>
<td title='runner.TestRunner.runScenario()'><b>runScenario</b><br>Test class: runner.TestRunner<br>Test method: Runs Cucumber Scenarios<br>Parameters: "Field level validation for username and password in registration page", "Registration page validation"</td>
<td></td>
<td>3</td>
<td>runner.TestRunner@5c90e579</td></tr>
<tr>
<td title='runner.TestRunner.runScenario()'><b>runScenario</b><br>Test class: runner.TestRunner<br>Test method: Runs Cucumber Scenarios<br>Parameters: "Verify that user is navigated to Home page and able to see warning message while selecting values from the Data Structure drop down", "Registration page validation"</td>
<td></td>
<td>3</td>
<td>runner.TestRunner@5c90e579</td></tr>
<tr>
<td title='runner.TestRunner.runScenario()'><b>runScenario</b><br>Test class: runner.TestRunner<br>Test method: Runs Cucumber Scenarios<br>Parameters: "Verify that user is navigated to Home page and able to see warning message while selecting values from the Data Structure drop down", "Registration page validation"</td>
<td></td>
<td>3</td>
<td>runner.TestRunner@5c90e579</td></tr>
<tr>
<td title='runner.TestRunner.runScenario()'><b>runScenario</b><br>Test class: runner.TestRunner<br>Test method: Runs Cucumber Scenarios<br>Parameters: "Verify that user is able to navigate to Login page by clicking on the Sign in hyperlink on the top right", "Registration page validation"</td>
<td></td>
<td>2</td>
<td>runner.TestRunner@5c90e579</td></tr>
<tr>
<td title='runner.TestRunner.runScenario()'><b>runScenario</b><br>Test class: runner.TestRunner<br>Test method: Runs Cucumber Scenarios<br>Parameters: "Verify that user is able to view dropdown options for Data Structures dropdown on Registration page", "Registration page validation"</td>
<td></td>
<td>2</td>
<td>runner.TestRunner@5c90e579</td></tr>
<tr>
<td title='runner.TestRunner.runScenario()'><b>runScenario</b><br>Test class: runner.TestRunner<br>Test method: Runs Cucumber Scenarios<br>Parameters: "Verify that user is navigated to Home page and able to see warning message while selecting values from the Data Structure drop down", "Registration page validation"</td>
<td></td>
<td>3</td>
<td>runner.TestRunner@5c90e579</td></tr>
<tr>
<td title='runner.TestRunner.runScenario()'><b>runScenario</b><br>Test class: runner.TestRunner<br>Test method: Runs Cucumber Scenarios<br>Parameters: "Verify that user is able to navigate to Login page by clicking on the Login hyperlink", "Registration page validation"</td>
<td></td>
<td>3</td>
<td>runner.TestRunner@5c90e579</td></tr>
<tr>
<td title='runner.TestRunner.runScenario()'><b>runScenario</b><br>Test class: runner.TestRunner<br>Test method: Runs Cucumber Scenarios<br>Parameters: "Verify that Launch page with Get Started button is displayed on clicking NumpyNinja label", "Registration page validation"</td>
<td></td>
<td>3</td>
<td>runner.TestRunner@5c90e579</td></tr>
<tr>
<td title='runner.TestRunner.runScenario()'><b>runScenario</b><br>Test class: runner.TestRunner<br>Test method: Runs Cucumber Scenarios<br>Parameters: "Verify that user is navigated to Home page and able to see warning message while selecting values from the Data Structure drop down", "Registration page validation"</td>
<td></td>
<td>3</td>
<td>runner.TestRunner@5c90e579</td></tr>
</table><p>
</body>
</html>