<?xml version="1.0" encoding="UTF-8"?>
<!-- Generated by org.testng.reporters.JUnitReportReporter -->
<testsuite hostname="LAPTOP-7E54ELR0" failures="9" tests="21" name="runner.TestRunner" time="66.661" errors="0" timestamp="2025-08-25T22:06:05 EDT" skipped="0">
  <testcase classname="runner.TestRunner" name="runScenario" time="3.453">
    <failure message="Alert message is incorrect expected [Invalid Username] but found [password_mismatch:The two password fields didn’t match.]" type="java.lang.AssertionError">
      <![CDATA[java.lang.AssertionError: Alert message is incorrect expected [Invalid Username] but found [password_mismatch:The two password fields didn’t match.]
at org.testng.Assert.fail(Assert.java:111)
at org.testng.Assert.failNotEquals(Assert.java:1590)
at org.testng.Assert.assertEqualsImpl(Assert.java:150)
at org.testng.Assert.assertEquals(Assert.java:132)
at org.testng.Assert.assertEquals(Assert.java:656)
at stepDefinitions.RegisterPageSteps.user_should_receive_message_for_respective_field(RegisterPageSteps.java:53)
at ✽.User should receive "Invalid Username" message for respective field(file:///C:/Users/Lingesh%20Raja/git/Ds_AlGO_BDD/src/test/resources/features/registerPage.feature:22)
]]>
    </failure>
  </testcase> <!-- runScenario -->
  <testcase classname="runner.TestRunner" name="runScenario" time="2.628">
    <failure message="User is not redirected to Home page expected [NumpyNinja] but found [Registration]" type="java.lang.AssertionError">
      <![CDATA[java.lang.AssertionError: User is not redirected to Home page expected [NumpyNinja] but found [Registration]
at org.testng.Assert.fail(Assert.java:111)
at org.testng.Assert.failNotEquals(Assert.java:1590)
at org.testng.Assert.assertEqualsImpl(Assert.java:150)
at org.testng.Assert.assertEquals(Assert.java:132)
at org.testng.Assert.assertEquals(Assert.java:656)
at stepDefinitions.RegisterPageSteps.the_user_should_be_redirected_to_home_page_of_ds_algo(RegisterPageSteps.java:132)
at ✽.The user should be redirected to Home Page of DS Algo(file:///C:/Users/Lingesh%20Raja/git/Ds_AlGO_BDD/src/test/resources/features/registerPage.feature:82)
]]>
    </failure>
  </testcase> <!-- runScenario -->
  <testcase classname="runner.TestRunner" name="runScenario" time="3.469"/>
  <testcase classname="runner.TestRunner" name="runScenario" time="2.807"/>
  <testcase classname="runner.TestRunner" name="runScenario" time="3.747">
    <failure message="Hover Text mismatch expected [Please fill out this field.] but found [Please fill in this field.]" type="java.lang.AssertionError">
      <![CDATA[java.lang.AssertionError: Hover Text mismatch expected [Please fill out this field.] but found [Please fill in this field.]
at org.testng.Assert.fail(Assert.java:111)
at org.testng.Assert.failNotEquals(Assert.java:1590)
at org.testng.Assert.assertEqualsImpl(Assert.java:150)
at org.testng.Assert.assertEquals(Assert.java:132)
at org.testng.Assert.assertEquals(Assert.java:656)
at stepDefinitions.RegisterPageSteps.hover_text_message_as_should_be_displayed_for_respective_textbox(RegisterPageSteps.java:47)
at ✽.Hover text message as "Please fill out this field." should be displayed for respective "Username" textbox(file:///C:/Users/Lingesh%20Raja/git/Ds_AlGO_BDD/src/test/resources/features/registerPage.feature:11)
]]>
    </failure>
  </testcase> <!-- runScenario -->
  <testcase classname="runner.TestRunner" name="runScenario" time="3.327"/>
  <testcase classname="runner.TestRunner" name="runScenario" time="3.194">
    <failure message="Alert message is incorrect expected [Invalid password] but found [password_mismatch:The two password fields didn’t match.]" type="java.lang.AssertionError">
      <![CDATA[java.lang.AssertionError: Alert message is incorrect expected [Invalid password] but found [password_mismatch:The two password fields didn’t match.]
at org.testng.Assert.fail(Assert.java:111)
at org.testng.Assert.failNotEquals(Assert.java:1590)
at org.testng.Assert.assertEqualsImpl(Assert.java:150)
at org.testng.Assert.assertEquals(Assert.java:132)
at org.testng.Assert.assertEquals(Assert.java:656)
at stepDefinitions.RegisterPageSteps.user_should_receive_message_for_respective_field(RegisterPageSteps.java:53)
at ✽.User should receive "Invalid password" message for respective field(file:///C:/Users/Lingesh%20Raja/git/Ds_AlGO_BDD/src/test/resources/features/registerPage.feature:22)
]]>
    </failure>
  </testcase> <!-- runScenario -->
  <testcase classname="runner.TestRunner" name="runScenario" time="3.132">
    <failure message="Hover Text mismatch expected [Please fill out this field.] but found [Please fill in this field.]" type="java.lang.AssertionError">
      <![CDATA[java.lang.AssertionError: Hover Text mismatch expected [Please fill out this field.] but found [Please fill in this field.]
at org.testng.Assert.fail(Assert.java:111)
at org.testng.Assert.failNotEquals(Assert.java:1590)
at org.testng.Assert.assertEqualsImpl(Assert.java:150)
at org.testng.Assert.assertEquals(Assert.java:132)
at org.testng.Assert.assertEquals(Assert.java:656)
at stepDefinitions.RegisterPageSteps.hover_text_message_as_should_be_displayed_for_respective_textbox(RegisterPageSteps.java:47)
at ✽.Hover text message as "Please fill out this field." should be displayed for respective "Password" textbox(file:///C:/Users/Lingesh%20Raja/git/Ds_AlGO_BDD/src/test/resources/features/registerPage.feature:11)
]]>
    </failure>
  </testcase> <!-- runScenario -->
  <testcase classname="runner.TestRunner" name="runScenario" time="3.208"/>
  <testcase classname="runner.TestRunner" name="runScenario" time="3.199">
    <failure message="Alert message is incorrect expected [Invalid Username] but found [password_mismatch:The two password fields didn’t match.]" type="java.lang.AssertionError">
      <![CDATA[java.lang.AssertionError: Alert message is incorrect expected [Invalid Username] but found [password_mismatch:The two password fields didn’t match.]
at org.testng.Assert.fail(Assert.java:111)
at org.testng.Assert.failNotEquals(Assert.java:1590)
at org.testng.Assert.assertEqualsImpl(Assert.java:150)
at org.testng.Assert.assertEquals(Assert.java:132)
at org.testng.Assert.assertEquals(Assert.java:656)
at stepDefinitions.RegisterPageSteps.user_should_receive_message_for_respective_field(RegisterPageSteps.java:53)
at ✽.User should receive "Invalid Username" message for respective field(file:///C:/Users/Lingesh%20Raja/git/Ds_AlGO_BDD/src/test/resources/features/registerPage.feature:22)
]]>
    </failure>
  </testcase> <!-- runScenario -->
  <testcase classname="runner.TestRunner" name="runScenario" time="3.289"/>
  <testcase classname="runner.TestRunner" name="runScenario" time="3.192"/>
  <testcase classname="runner.TestRunner" name="runScenario" time="2.862">
    <failure message="Hover Text mismatch expected [Please fill out this field.] but found [Please fill in this field.]" type="java.lang.AssertionError">
      <![CDATA[java.lang.AssertionError: Hover Text mismatch expected [Please fill out this field.] but found [Please fill in this field.]
at org.testng.Assert.fail(Assert.java:111)
at org.testng.Assert.failNotEquals(Assert.java:1590)
at org.testng.Assert.assertEqualsImpl(Assert.java:150)
at org.testng.Assert.assertEquals(Assert.java:132)
at org.testng.Assert.assertEquals(Assert.java:656)
at stepDefinitions.RegisterPageSteps.hover_text_message_as_should_be_displayed_for_respective_textbox(RegisterPageSteps.java:47)
at ✽.Hover text message as "Please fill out this field." should be displayed for respective "PasswordConfirmation" textbox(file:///C:/Users/Lingesh%20Raja/git/Ds_AlGO_BDD/src/test/resources/features/registerPage.feature:11)
]]>
    </failure>
  </testcase> <!-- runScenario -->
  <testcase classname="runner.TestRunner" name="runScenario" time="2.919"/>
  <testcase classname="runner.TestRunner" name="runScenario" time="3.298">
    <failure message="Alert message is incorrect expected [Invalid password] but found [password_mismatch:The two password fields didn’t match.]" type="java.lang.AssertionError">
      <![CDATA[java.lang.AssertionError: Alert message is incorrect expected [Invalid password] but found [password_mismatch:The two password fields didn’t match.]
at org.testng.Assert.fail(Assert.java:111)
at org.testng.Assert.failNotEquals(Assert.java:1590)
at org.testng.Assert.assertEqualsImpl(Assert.java:150)
at org.testng.Assert.assertEquals(Assert.java:132)
at org.testng.Assert.assertEquals(Assert.java:656)
at stepDefinitions.RegisterPageSteps.user_should_receive_message_for_respective_field(RegisterPageSteps.java:53)
at ✽.User should receive "Invalid password" message for respective field(file:///C:/Users/Lingesh%20Raja/git/Ds_AlGO_BDD/src/test/resources/features/registerPage.feature:22)
]]>
    </failure>
  </testcase> <!-- runScenario -->
  <testcase classname="runner.TestRunner" name="runScenario" time="2.996"/>
  <testcase classname="runner.TestRunner" name="runScenario" time="3.274"/>
  <testcase classname="runner.TestRunner" name="runScenario" time="3.304">
    <failure message="Alert message is incorrect expected [Invalid password] but found [password_mismatch:The two password fields didn’t match.]" type="java.lang.AssertionError">
      <![CDATA[java.lang.AssertionError: Alert message is incorrect expected [Invalid password] but found [password_mismatch:The two password fields didn’t match.]
at org.testng.Assert.fail(Assert.java:111)
at org.testng.Assert.failNotEquals(Assert.java:1590)
at org.testng.Assert.assertEqualsImpl(Assert.java:150)
at org.testng.Assert.assertEquals(Assert.java:132)
at org.testng.Assert.assertEquals(Assert.java:656)
at stepDefinitions.RegisterPageSteps.user_should_receive_message_for_respective_field(RegisterPageSteps.java:53)
at ✽.User should receive "Invalid password" message for respective field(file:///C:/Users/Lingesh%20Raja/git/Ds_AlGO_BDD/src/test/resources/features/registerPage.feature:22)
]]>
    </failure>
  </testcase> <!-- runScenario -->
  <testcase classname="runner.TestRunner" name="runScenario" time="3.019"/>
  <testcase classname="runner.TestRunner" name="runScenario" time="3.071"/>
  <testcase classname="runner.TestRunner" name="runScenario" time="3.273"/>
</testsuite> <!-- runner.TestRunner -->
